build/app/intermediates/manifest_merge_blame_file/release/manifest-merger-blame-release-report.txt
1<?xml version="1.0" encoding="utf-8"?>
2<manifest xmlns:android="http://schemas.android.com/apk/res/android"
3    package="com.akaarit.woogoods"
4    android:versionCode="1"
5    android:versionName="1.0.0" >
6
7    <uses-sdk
8        android:minSdkVersion="21"
8-->src\main\AndroidManifest.xml
9        android:targetSdkVersion="32" />
9-->src\main\AndroidManifest.xml
10
11    <uses-permission android:name="android.permission.INTERNET" />
11-->src\main\AndroidManifest.xml:4:5-67
11-->src\main\AndroidManifest.xml:4:22-64
12    <uses-permission android:name="android.permission.ACCESS_FINE_LOCATION" />
12-->src\main\AndroidManifest.xml:5:5-79
12-->src\main\AndroidManifest.xml:5:22-76
13
14    <!-- facebook provider is check -->
15    <queries>
15-->src\main\AndroidManifest.xml:61:5-63:15
16        <provider android:authorities="com.facebook.katana.provider.PlatformProvider" />
16-->src\main\AndroidManifest.xml:62:9-89
16-->src\main\AndroidManifest.xml:62:19-86
17        <!-- Added to check if Chrome is installed for browser-based payment authentication (e.g. 3DS1). -->
18        <package android:name="com.android.chrome" />
18-->[com.stripe:payments-core:20.1.0] AndroidManifest.xml:13:9-54
18-->[com.stripe:payments-core:20.1.0] AndroidManifest.xml:13:18-51
19
20        <intent>
20-->[com.razorpay:checkout:1.6.19] AndroidManifest.xml:12:9-18:18
21            <action android:name="android.intent.action.VIEW" />
21-->[com.stripe:payments-core:20.1.0] AndroidManifest.xml:54:17-69
21-->[com.stripe:payments-core:20.1.0] AndroidManifest.xml:54:25-66
22
23            <data
23-->src\main\AndroidManifest.xml:68:13-45
24                android:mimeType="*/*"
25                android:scheme="*" />
25-->src\main\AndroidManifest.xml:68:19-42
26        </intent>
27        <intent>
27-->[com.razorpay:checkout:1.6.19] AndroidManifest.xml:19:9-28:18
28            <action android:name="android.intent.action.VIEW" />
28-->[com.stripe:payments-core:20.1.0] AndroidManifest.xml:54:17-69
28-->[com.stripe:payments-core:20.1.0] AndroidManifest.xml:54:25-66
29
30            <category android:name="android.intent.category.BROWSABLE" />
30-->[com.stripe:payments-core:20.1.0] AndroidManifest.xml:57:17-78
30-->[com.stripe:payments-core:20.1.0] AndroidManifest.xml:57:27-75
31
32            <data
32-->src\main\AndroidManifest.xml:68:13-45
33                android:host="pay"
34                android:mimeType="*/*"
35                android:scheme="upi" />
35-->src\main\AndroidManifest.xml:68:19-42
36        </intent>
37        <intent>
37-->[com.razorpay:checkout:1.6.19] AndroidManifest.xml:29:9-31:18
38            <action android:name="android.intent.action.MAIN" />
38-->src\main\AndroidManifest.xml:47:17-68
38-->src\main\AndroidManifest.xml:47:25-66
39        </intent>
40        <intent>
40-->[com.razorpay:checkout:1.6.19] AndroidManifest.xml:32:9-36:18
41            <action android:name="android.intent.action.SEND" />
41-->[com.razorpay:checkout:1.6.19] AndroidManifest.xml:33:13-65
41-->[com.razorpay:checkout:1.6.19] AndroidManifest.xml:33:21-62
42
43            <data android:mimeType="*/*" />
43-->src\main\AndroidManifest.xml:68:13-45
44        </intent> <!-- Specific apps you interact with, eg: -->
45        <package android:name="com.paytm.pgsdk.TransactionManager.PAYTM_APP_PACKAGE" />
45-->[com.paytm.appinvokesdk:appinvokesdk:1.6.10] AndroidManifest.xml:12:9-88
45-->[com.paytm.appinvokesdk:appinvokesdk:1.6.10] AndroidManifest.xml:12:18-85
46
47        <intent>
47-->[com.braintreepayments:browser-switch:1.1.3] AndroidManifest.xml:12:9-18:18
48            <action android:name="android.intent.action.VIEW" />
48-->[com.stripe:payments-core:20.1.0] AndroidManifest.xml:54:17-69
48-->[com.stripe:payments-core:20.1.0] AndroidManifest.xml:54:25-66
49
50            <category android:name="android.intent.category.BROWSABLE" />
50-->[com.stripe:payments-core:20.1.0] AndroidManifest.xml:57:17-78
50-->[com.stripe:payments-core:20.1.0] AndroidManifest.xml:57:27-75
51
52            <data android:scheme="https" />
52-->src\main\AndroidManifest.xml:68:13-45
52-->src\main\AndroidManifest.xml:68:19-42
53        </intent> <!-- Needs to be explicitly declared on Android R+ -->
54        <package android:name="com.google.android.apps.maps" />
54-->[com.google.android.gms:play-services-maps:18.0.2] AndroidManifest.xml:33:9-64
54-->[com.google.android.gms:play-services-maps:18.0.2] AndroidManifest.xml:33:18-61
55    </queries>
56    <!-- gmail provider is check -->
57    <queries>
57-->src\main\AndroidManifest.xml:61:5-63:15
58        <intent>
58-->src\main\AndroidManifest.xml:66:9-69:18
59            <action android:name="android.intent.action.SENDTO" />
59-->src\main\AndroidManifest.xml:67:13-67
59-->src\main\AndroidManifest.xml:67:21-64
60
61            <data android:scheme="mailto" />
61-->src\main\AndroidManifest.xml:68:13-45
61-->src\main\AndroidManifest.xml:68:19-42
62        </intent>
63    </queries>
64
65    <uses-permission android:name="android.permission.WAKE_LOCK" />
65-->[:firebase_messaging] AndroidManifest.xml:8:5-68
65-->[:firebase_messaging] AndroidManifest.xml:8:22-65
66    <uses-permission android:name="android.permission.ACCESS_NETWORK_STATE" />
66-->[:firebase_messaging] AndroidManifest.xml:9:5-79
66-->[:firebase_messaging] AndroidManifest.xml:9:22-76
67    <uses-permission android:name="android.permission.WRITE_EXTERNAL_STORAGE" />
67-->[:webview_flutter_x5] AndroidManifest.xml:8:5-81
67-->[:webview_flutter_x5] AndroidManifest.xml:8:22-78
68    <uses-permission android:name="android.permission.ACCESS_WIFI_STATE" />
68-->[:webview_flutter_x5] AndroidManifest.xml:10:5-76
68-->[:webview_flutter_x5] AndroidManifest.xml:10:22-73
69    <uses-permission android:name="android.permission.READ_EXTERNAL_STORAGE" /> <!-- Create a unique permission for your app and use it so only your app can receive your OneSignal messages. -->
70    <permission
70-->[com.onesignal:OneSignal:4.7.0] AndroidManifest.xml:7:5-9:47
71        android:name="com.akaarit.woogoods.permission.C2D_MESSAGE"
71-->[com.onesignal:OneSignal:4.7.0] AndroidManifest.xml:8:9-63
72        android:protectionLevel="signature" />
72-->[com.onesignal:OneSignal:4.7.0] AndroidManifest.xml:9:9-44
73
74    <uses-permission android:name="com.akaarit.woogoods.permission.C2D_MESSAGE" /> <!-- c2dm RECEIVE are basic requirements for push messages through Google's FCM -->
74-->[com.onesignal:OneSignal:4.7.0] AndroidManifest.xml:11:5-79
74-->[com.onesignal:OneSignal:4.7.0] AndroidManifest.xml:11:22-76
75    <uses-permission android:name="com.google.android.c2dm.permission.RECEIVE" />
75-->[com.onesignal:OneSignal:4.7.0] AndroidManifest.xml:17:5-82
75-->[com.onesignal:OneSignal:4.7.0] AndroidManifest.xml:17:22-79
76    <!--
77 Required so the device vibrates on receiving a push notification.
78         Vibration settings of the device still apply.
79    -->
80    <uses-permission android:name="android.permission.VIBRATE" />
80-->[com.onesignal:OneSignal:4.7.0] AndroidManifest.xml:23:5-66
80-->[com.onesignal:OneSignal:4.7.0] AndroidManifest.xml:23:22-63
81    <!--
82 Use to restore notifications the user hasn't interacted with.
83         They could be missed notifications if the user reboots their device if this isn't in place.
84    -->
85    <uses-permission android:name="android.permission.RECEIVE_BOOT_COMPLETED" /> <!-- START: ShortcutBadger -->
85-->[com.onesignal:OneSignal:4.7.0] AndroidManifest.xml:29:5-81
85-->[com.onesignal:OneSignal:4.7.0] AndroidManifest.xml:29:22-78
86    <!-- Samsung -->
87    <uses-permission android:name="com.sec.android.provider.badge.permission.READ" />
87-->[com.onesignal:OneSignal:4.7.0] AndroidManifest.xml:31:5-86
87-->[com.onesignal:OneSignal:4.7.0] AndroidManifest.xml:31:22-83
88    <uses-permission android:name="com.sec.android.provider.badge.permission.WRITE" /> <!-- HTC -->
88-->[com.onesignal:OneSignal:4.7.0] AndroidManifest.xml:32:5-87
88-->[com.onesignal:OneSignal:4.7.0] AndroidManifest.xml:32:22-84
89    <uses-permission android:name="com.htc.launcher.permission.READ_SETTINGS" />
89-->[com.onesignal:OneSignal:4.7.0] AndroidManifest.xml:33:5-81
89-->[com.onesignal:OneSignal:4.7.0] AndroidManifest.xml:33:22-78
90    <uses-permission android:name="com.htc.launcher.permission.UPDATE_SHORTCUT" /> <!-- Sony -->
90-->[com.onesignal:OneSignal:4.7.0] AndroidManifest.xml:34:5-83
90-->[com.onesignal:OneSignal:4.7.0] AndroidManifest.xml:34:22-80
91    <uses-permission android:name="com.sonyericsson.home.permission.BROADCAST_BADGE" />
91-->[com.onesignal:OneSignal:4.7.0] AndroidManifest.xml:35:5-88
91-->[com.onesignal:OneSignal:4.7.0] AndroidManifest.xml:35:22-85
92    <uses-permission android:name="com.sonymobile.home.permission.PROVIDER_INSERT_BADGE" /> <!-- Apex -->
92-->[com.onesignal:OneSignal:4.7.0] AndroidManifest.xml:36:5-92
92-->[com.onesignal:OneSignal:4.7.0] AndroidManifest.xml:36:22-89
93    <uses-permission android:name="com.anddoes.launcher.permission.UPDATE_COUNT" /> <!-- Solid -->
93-->[com.onesignal:OneSignal:4.7.0] AndroidManifest.xml:37:5-84
93-->[com.onesignal:OneSignal:4.7.0] AndroidManifest.xml:37:22-81
94    <uses-permission android:name="com.majeur.launcher.permission.UPDATE_BADGE" /> <!-- Huawei -->
94-->[com.onesignal:OneSignal:4.7.0] AndroidManifest.xml:38:5-83
94-->[com.onesignal:OneSignal:4.7.0] AndroidManifest.xml:38:22-80
95    <uses-permission android:name="com.huawei.android.launcher.permission.CHANGE_BADGE" />
95-->[com.onesignal:OneSignal:4.7.0] AndroidManifest.xml:39:5-91
95-->[com.onesignal:OneSignal:4.7.0] AndroidManifest.xml:39:22-88
96    <uses-permission android:name="com.huawei.android.launcher.permission.READ_SETTINGS" />
96-->[com.onesignal:OneSignal:4.7.0] AndroidManifest.xml:40:5-92
96-->[com.onesignal:OneSignal:4.7.0] AndroidManifest.xml:40:22-89
97    <uses-permission android:name="com.huawei.android.launcher.permission.WRITE_SETTINGS" /> <!-- ZUK -->
97-->[com.onesignal:OneSignal:4.7.0] AndroidManifest.xml:41:5-93
97-->[com.onesignal:OneSignal:4.7.0] AndroidManifest.xml:41:22-90
98    <uses-permission android:name="android.permission.READ_APP_BADGE" /> <!-- OPPO -->
98-->[com.onesignal:OneSignal:4.7.0] AndroidManifest.xml:42:5-73
98-->[com.onesignal:OneSignal:4.7.0] AndroidManifest.xml:42:22-70
99    <uses-permission android:name="com.oppo.launcher.permission.READ_SETTINGS" />
99-->[com.onesignal:OneSignal:4.7.0] AndroidManifest.xml:43:5-82
99-->[com.onesignal:OneSignal:4.7.0] AndroidManifest.xml:43:22-79
100    <uses-permission android:name="com.oppo.launcher.permission.WRITE_SETTINGS" /> <!-- EvMe -->
100-->[com.onesignal:OneSignal:4.7.0] AndroidManifest.xml:44:5-83
100-->[com.onesignal:OneSignal:4.7.0] AndroidManifest.xml:44:22-80
101    <uses-permission android:name="me.everything.badger.permission.BADGE_COUNT_READ" />
101-->[com.onesignal:OneSignal:4.7.0] AndroidManifest.xml:45:5-88
101-->[com.onesignal:OneSignal:4.7.0] AndroidManifest.xml:45:22-85
102    <uses-permission android:name="me.everything.badger.permission.BADGE_COUNT_WRITE" />
102-->[com.onesignal:OneSignal:4.7.0] AndroidManifest.xml:46:5-89
102-->[com.onesignal:OneSignal:4.7.0] AndroidManifest.xml:46:22-86
103    <uses-permission android:name="android.permission.READ_PHONE_STATE" />
103-->[com.paytm.easypay:easypay-appinvoke:1.7.4] AndroidManifest.xml:10:5-75
103-->[com.paytm.easypay:easypay-appinvoke:1.7.4] AndroidManifest.xml:10:22-72
104    <uses-permission android:name="com.google.android.gms.permission.AD_ID" />
104-->[com.google.android.gms:play-services-measurement-api:21.0.0] AndroidManifest.xml:25:5-79
104-->[com.google.android.gms:play-services-measurement-api:21.0.0] AndroidManifest.xml:25:22-76
105    <uses-permission android:name="com.google.android.finsky.permission.BIND_GET_INSTALL_REFERRER_SERVICE" />
105-->[com.google.android.gms:play-services-measurement:21.0.0] AndroidManifest.xml:26:5-110
105-->[com.google.android.gms:play-services-measurement:21.0.0] AndroidManifest.xml:26:22-107
106
107    <uses-feature
107-->[com.google.android.gms:play-services-maps:18.0.2] AndroidManifest.xml:26:5-28:35
108        android:glEsVersion="0x00020000"
108-->[com.google.android.gms:play-services-maps:18.0.2] AndroidManifest.xml:27:9-41
109        android:required="true" />
109-->[com.google.android.gms:play-services-maps:18.0.2] AndroidManifest.xml:28:9-32
110
111    <uses-permission android:name="android.permission.FOREGROUND_SERVICE" /> <!-- <uses-permission android:name="android.permission.NFC" /> -->
111-->[androidx.work:work-runtime:2.7.1] AndroidManifest.xml:28:5-77
111-->[androidx.work:work-runtime:2.7.1] AndroidManifest.xml:28:22-74
112    <!-- <uses-permission android:name="android.permission.ACCESS_ALL_DOWNLOADS" /> -->
113    <supports-screens
113-->[:sslcommerzlibrary:] AndroidManifest.xml:14:5-18:39
114        android:anyDensity="true"
114-->[:sslcommerzlibrary:] AndroidManifest.xml:15:9-34
115        android:largeScreens="true"
115-->[:sslcommerzlibrary:] AndroidManifest.xml:16:9-36
116        android:normalScreens="true"
116-->[:sslcommerzlibrary:] AndroidManifest.xml:17:9-37
117        android:smallScreens="true" />
117-->[:sslcommerzlibrary:] AndroidManifest.xml:18:9-36
118
119    <application
119-->src\main\AndroidManifest.xml:6:5-58:19
120        android:allowBackup="true"
120-->[:sslcommerzlibrary:] AndroidManifest.xml:21:9-35
121        android:appComponentFactory="androidx.core.app.CoreComponentFactory"
121-->[androidx.core:core:1.8.0-alpha07] AndroidManifest.xml:24:18-86
122        android:icon="@mipmap/ic_launcher"
122-->src\main\AndroidManifest.xml:10:9-43
123        android:label="woogoods"
123-->src\main\AndroidManifest.xml:9:9-33
124        android:largeHeap="true"
124-->[:sslcommerzlibrary:] AndroidManifest.xml:22:9-33
125        android:supportsRtl="true"
125-->[com.braintreepayments.api:drop-in:5.2.1] AndroidManifest.xml:16:9-35
126        android:usesCleartextTraffic="true" >
126-->src\main\AndroidManifest.xml:8:9-44
127
128        <!-- facebook auth -->
129        <meta-data
129-->src\main\AndroidManifest.xml:13:9-15:55
130            android:name="com.facebook.sdk.ApplicationId"
130-->src\main\AndroidManifest.xml:14:13-58
131            android:value="@string/facebook_app_id" />
131-->src\main\AndroidManifest.xml:15:13-52
132        <meta-data
132-->src\main\AndroidManifest.xml:16:9-18:60
133            android:name="com.facebook.sdk.ClientToken"
133-->src\main\AndroidManifest.xml:17:13-56
134            android:value="@string/facebook_client_token" />
134-->src\main\AndroidManifest.xml:18:13-58
135        <!-- end facebook auth -->
136
137        <activity
137-->src\main\AndroidManifest.xml:21:9-50:20
138            android:name="com.akaarit.woogoods.MainActivity"
138-->src\main\AndroidManifest.xml:22:13-41
139            android:configChanges="orientation|keyboardHidden|keyboard|screenSize|smallestScreenSize|locale|layoutDirection|fontScale|screenLayout|density|uiMode"
139-->src\main\AndroidManifest.xml:25:13-163
140            android:exported="true"
140-->src\main\AndroidManifest.xml:27:13-36
141            android:hardwareAccelerated="true"
141-->src\main\AndroidManifest.xml:26:13-47
142            android:launchMode="singleTop"
142-->src\main\AndroidManifest.xml:23:13-43
143            android:theme="@style/LaunchTheme"
143-->src\main\AndroidManifest.xml:24:13-47
144            android:windowSoftInputMode="adjustResize" >
144-->src\main\AndroidManifest.xml:28:13-55
145
146            <!--
147                 Specifies an Android theme to apply to this Activity as soon as
148                 the Android process has started. This theme is visible to the user
149                 while the Flutter UI initializes. After that, this theme continues
150                 to determine the Window background behind the Flutter UI.
151            -->
152            <meta-data
152-->src\main\AndroidManifest.xml:33:13-36:17
153                android:name="io.flutter.embedding.android.NormalTheme"
153-->src\main\AndroidManifest.xml:34:15-70
154                android:resource="@style/NormalTheme" />
154-->src\main\AndroidManifest.xml:35:15-52
155            <!--
156                 Displays an Android View that continues showing the launch screen
157                 Drawable until Flutter paints its first frame, then this splash
158                 screen fades out. A splash screen is useful to avoid any visual
159                 gap between the end of Android's launch screen and the painting of
160                 Flutter's first frame.
161            -->
162            <meta-data
162-->src\main\AndroidManifest.xml:42:13-45:17
163                android:name="io.flutter.embedding.android.SplashScreenDrawable"
163-->src\main\AndroidManifest.xml:43:15-79
164                android:resource="@drawable/launch_background" />
164-->src\main\AndroidManifest.xml:44:15-61
165
166            <intent-filter>
166-->src\main\AndroidManifest.xml:46:13-49:29
167                <action android:name="android.intent.action.MAIN" />
167-->src\main\AndroidManifest.xml:47:17-68
167-->src\main\AndroidManifest.xml:47:25-66
168
169                <category android:name="android.intent.category.LAUNCHER" />
169-->src\main\AndroidManifest.xml:48:17-76
169-->src\main\AndroidManifest.xml:48:27-74
170            </intent-filter>
171        </activity>
172        <!--
173             Don't delete the meta-data below.
174             This is used by the Flutter tool to generate GeneratedPluginRegistrant.java
175        -->
176        <meta-data
176-->src\main\AndroidManifest.xml:53:9-55:33
177            android:name="flutterEmbedding"
177-->src\main\AndroidManifest.xml:54:13-44
178            android:value="2" />
178-->src\main\AndroidManifest.xml:55:13-30
179        <meta-data
179-->src\main\AndroidManifest.xml:56:9-57:70
180            android:name="com.google.android.geo.API_KEY"
180-->src\main\AndroidManifest.xml:56:20-65
181            android:value="AIzaSyDJu-xdHXPpyEE-MhyXUdwJIXRBO4pY2b8" />
181-->src\main\AndroidManifest.xml:57:13-68
182
183        <activity
183-->[:flutter_paystack] AndroidManifest.xml:10:9-12:54
184            android:name="co.paystack.flutterpaystack.AuthActivity"
184-->[:flutter_paystack] AndroidManifest.xml:11:13-68
185            android:theme="@style/Paystack.Dialog" />
185-->[:flutter_paystack] AndroidManifest.xml:12:13-51
186
187        <service
187-->[:firebase_messaging] AndroidManifest.xml:12:9-15:72
188            android:name="io.flutter.plugins.firebase.messaging.FlutterFirebaseMessagingBackgroundService"
188-->[:firebase_messaging] AndroidManifest.xml:13:13-107
189            android:exported="false"
189-->[:firebase_messaging] AndroidManifest.xml:14:13-37
190            android:permission="android.permission.BIND_JOB_SERVICE" />
190-->[:firebase_messaging] AndroidManifest.xml:15:13-69
191        <service
191-->[:firebase_messaging] AndroidManifest.xml:16:9-22:19
192            android:name="io.flutter.plugins.firebase.messaging.FlutterFirebaseMessagingService"
192-->[:firebase_messaging] AndroidManifest.xml:17:13-97
193            android:exported="false" >
193-->[:firebase_messaging] AndroidManifest.xml:18:13-37
194            <intent-filter>
194-->[:firebase_messaging] AndroidManifest.xml:19:13-21:29
195                <action android:name="com.google.firebase.MESSAGING_EVENT" />
195-->[:firebase_messaging] AndroidManifest.xml:20:17-78
195-->[:firebase_messaging] AndroidManifest.xml:20:25-75
196            </intent-filter>
197        </service>
198
199        <receiver
199-->[:firebase_messaging] AndroidManifest.xml:24:9-31:20
200            android:name="io.flutter.plugins.firebase.messaging.FlutterFirebaseMessagingReceiver"
200-->[:firebase_messaging] AndroidManifest.xml:25:13-98
201            android:exported="true"
201-->[:firebase_messaging] AndroidManifest.xml:26:13-36
202            android:permission="com.google.android.c2dm.permission.SEND" >
202-->[:firebase_messaging] AndroidManifest.xml:27:13-73
203            <intent-filter>
203-->[:firebase_messaging] AndroidManifest.xml:28:13-30:29
204                <action android:name="com.google.android.c2dm.intent.RECEIVE" />
204-->[:firebase_messaging] AndroidManifest.xml:29:17-81
204-->[:firebase_messaging] AndroidManifest.xml:29:25-78
205            </intent-filter>
206        </receiver>
207
208        <service
208-->[:firebase_messaging] AndroidManifest.xml:33:9-37:19
209            android:name="com.google.firebase.components.ComponentDiscoveryService"
209-->[:firebase_messaging] AndroidManifest.xml:33:18-89
210            android:directBootAware="true"
210-->[com.google.firebase:firebase-common:20.1.1] AndroidManifest.xml:35:13-43
211            android:exported="false" >
211-->[com.google.firebase:firebase-messaging:23.0.4] AndroidManifest.xml:54:13-37
212            <meta-data
212-->[:firebase_messaging] AndroidManifest.xml:34:13-36:85
213                android:name="com.google.firebase.components:io.flutter.plugins.firebase.messaging.FlutterFirebaseAppRegistrar"
213-->[:firebase_messaging] AndroidManifest.xml:35:17-128
214                android:value="com.google.firebase.components.ComponentRegistrar" />
214-->[:firebase_messaging] AndroidManifest.xml:36:17-82
215            <meta-data
215-->[:firebase_core] AndroidManifest.xml:9:13-11:85
216                android:name="com.google.firebase.components:io.flutter.plugins.firebase.core.FlutterFirebaseCoreRegistrar"
216-->[:firebase_core] AndroidManifest.xml:10:17-124
217                android:value="com.google.firebase.components.ComponentRegistrar" />
217-->[:firebase_core] AndroidManifest.xml:11:17-82
218            <meta-data
218-->[com.google.firebase:firebase-messaging:23.0.4] AndroidManifest.xml:55:13-57:85
219                android:name="com.google.firebase.components:com.google.firebase.messaging.FirebaseMessagingRegistrar"
219-->[com.google.firebase:firebase-messaging:23.0.4] AndroidManifest.xml:56:17-119
220                android:value="com.google.firebase.components.ComponentRegistrar" />
220-->[com.google.firebase:firebase-messaging:23.0.4] AndroidManifest.xml:57:17-82
221            <meta-data
221-->[com.google.android.gms:play-services-measurement-api:21.0.0] AndroidManifest.xml:31:13-33:85
222                android:name="com.google.firebase.components:com.google.firebase.analytics.connector.internal.AnalyticsConnectorRegistrar"
222-->[com.google.android.gms:play-services-measurement-api:21.0.0] AndroidManifest.xml:32:17-139
223                android:value="com.google.firebase.components.ComponentRegistrar" />
223-->[com.google.android.gms:play-services-measurement-api:21.0.0] AndroidManifest.xml:33:17-82
224            <meta-data
224-->[com.google.firebase:firebase-datatransport:18.1.3] AndroidManifest.xml:28:13-30:85
225                android:name="com.google.firebase.components:com.google.firebase.datatransport.TransportRegistrar"
225-->[com.google.firebase:firebase-datatransport:18.1.3] AndroidManifest.xml:29:17-115
226                android:value="com.google.firebase.components.ComponentRegistrar" />
226-->[com.google.firebase:firebase-datatransport:18.1.3] AndroidManifest.xml:30:17-82
227            <meta-data
227-->[com.google.firebase:firebase-installations:17.0.1] AndroidManifest.xml:18:13-20:85
228                android:name="com.google.firebase.components:com.google.firebase.installations.FirebaseInstallationsRegistrar"
228-->[com.google.firebase:firebase-installations:17.0.1] AndroidManifest.xml:19:17-127
229                android:value="com.google.firebase.components.ComponentRegistrar" />
229-->[com.google.firebase:firebase-installations:17.0.1] AndroidManifest.xml:20:17-82
230        </service>
231
232        <provider
232-->[:firebase_messaging] AndroidManifest.xml:39:9-43:38
233            android:name="io.flutter.plugins.firebase.messaging.FlutterFirebaseMessagingInitProvider"
233-->[:firebase_messaging] AndroidManifest.xml:40:13-102
234            android:authorities="com.akaarit.woogoods.flutterfirebasemessaginginitprovider"
234-->[:firebase_messaging] AndroidManifest.xml:41:13-88
235            android:exported="false"
235-->[:firebase_messaging] AndroidManifest.xml:42:13-37
236            android:initOrder="99" />
236-->[:firebase_messaging] AndroidManifest.xml:43:13-35
237
238        <activity
238-->[:flutter_braintree] AndroidManifest.xml:8:9-11:20
239            android:name="com.example.flutter_braintree.FlutterBraintreeCustom"
239-->[:flutter_braintree] AndroidManifest.xml:9:13-80
240            android:theme="@style/bt_transparent_activity" >
240-->[:flutter_braintree] AndroidManifest.xml:10:13-59
241        </activity>
242
243        <provider
243-->[:image_picker_android] AndroidManifest.xml:8:9-16:20
244            android:name="io.flutter.plugins.imagepicker.ImagePickerFileProvider"
244-->[:image_picker_android] AndroidManifest.xml:9:13-82
245            android:authorities="com.akaarit.woogoods.flutter.image_provider"
245-->[:image_picker_android] AndroidManifest.xml:10:13-74
246            android:exported="false"
246-->[:image_picker_android] AndroidManifest.xml:11:13-37
247            android:grantUriPermissions="true" >
247-->[:image_picker_android] AndroidManifest.xml:12:13-47
248            <meta-data
248-->[:image_picker_android] AndroidManifest.xml:13:13-15:75
249                android:name="android.support.FILE_PROVIDER_PATHS"
249-->[:image_picker_android] AndroidManifest.xml:14:17-67
250                android:resource="@xml/flutter_image_picker_file_paths" />
250-->[:image_picker_android] AndroidManifest.xml:15:17-72
251        </provider>
252
253        <activity
253-->[:url_launcher_android] AndroidManifest.xml:8:9-11:74
254            android:name="io.flutter.plugins.urllauncher.WebViewActivity"
254-->[:url_launcher_android] AndroidManifest.xml:9:13-74
255            android:exported="false"
255-->[:url_launcher_android] AndroidManifest.xml:10:13-37
256            android:theme="@android:style/Theme.NoTitleBar.Fullscreen" />
256-->[:url_launcher_android] AndroidManifest.xml:11:13-71
257
258        <provider
258-->[:share_plus] AndroidManifest.xml:8:9-16:20
259            android:name="dev.fluttercommunity.plus.share.ShareFileProvider"
259-->[:share_plus] AndroidManifest.xml:9:13-77
260            android:authorities="com.akaarit.woogoods.flutter.share_provider"
260-->[:share_plus] AndroidManifest.xml:10:13-74
261            android:exported="false"
261-->[:share_plus] AndroidManifest.xml:11:13-37
262            android:grantUriPermissions="true" >
262-->[:share_plus] AndroidManifest.xml:12:13-47
263            <meta-data
263-->[:image_picker_android] AndroidManifest.xml:13:13-15:75
264                android:name="android.support.FILE_PROVIDER_PATHS"
264-->[:image_picker_android] AndroidManifest.xml:14:17-67
265                android:resource="@xml/flutter_share_file_paths" />
265-->[:image_picker_android] AndroidManifest.xml:15:17-72
266        </provider>
267
268        <service
268-->[:webview_flutter_x5] AndroidManifest.xml:14:9-17:41
269            android:name="com.tencent.smtt.export.external.DexClassLoaderProviderService"
269-->[:webview_flutter_x5] AndroidManifest.xml:15:13-90
270            android:label="dexopt"
270-->[:webview_flutter_x5] AndroidManifest.xml:16:13-35
271            android:process=":dexopt" />
271-->[:webview_flutter_x5] AndroidManifest.xml:17:13-38
272
273        <provider
273-->[:webview_flutter_x5] AndroidManifest.xml:19:9-28:20
274            android:name="androidx.core.content.FileProvider"
274-->[:webview_flutter_x5] AndroidManifest.xml:20:13-62
275            android:authorities="com.akaarit.woogoods.fileprovider"
275-->[:webview_flutter_x5] AndroidManifest.xml:21:13-64
276            android:exported="false"
276-->[:webview_flutter_x5] AndroidManifest.xml:22:13-37
277            android:grantUriPermissions="true" >
277-->[:webview_flutter_x5] AndroidManifest.xml:23:13-47
278            <meta-data
278-->[:image_picker_android] AndroidManifest.xml:13:13-15:75
279                android:name="android.support.FILE_PROVIDER_PATHS"
279-->[:image_picker_android] AndroidManifest.xml:14:17-67
280                android:resource="@xml/filepaths" />
280-->[:image_picker_android] AndroidManifest.xml:15:17-72
281        </provider>
282
283        <activity
283-->[com.stripe:paymentsheet:20.1.0] AndroidManifest.xml:10:9-13:69
284            android:name="com.stripe.android.paymentsheet.PaymentSheetActivity"
284-->[com.stripe:paymentsheet:20.1.0] AndroidManifest.xml:11:13-80
285            android:exported="false"
285-->[com.stripe:paymentsheet:20.1.0] AndroidManifest.xml:12:13-37
286            android:theme="@style/StripePaymentSheetDefaultTheme" />
286-->[com.stripe:paymentsheet:20.1.0] AndroidManifest.xml:13:13-66
287        <activity
287-->[com.stripe:paymentsheet:20.1.0] AndroidManifest.xml:14:9-17:69
288            android:name="com.stripe.android.paymentsheet.PaymentOptionsActivity"
288-->[com.stripe:paymentsheet:20.1.0] AndroidManifest.xml:15:13-82
289            android:exported="false"
289-->[com.stripe:paymentsheet:20.1.0] AndroidManifest.xml:16:13-37
290            android:theme="@style/StripePaymentSheetDefaultTheme" />
290-->[com.stripe:paymentsheet:20.1.0] AndroidManifest.xml:17:13-66
291        <activity
291-->[com.stripe:link:20.1.0] AndroidManifest.xml:10:9-13:44
292            android:name="com.stripe.android.link.LinkActivity"
292-->[com.stripe:link:20.1.0] AndroidManifest.xml:11:13-64
293            android:exported="false"
293-->[com.stripe:link:20.1.0] AndroidManifest.xml:12:13-37
294            android:label="@string/link" />
294-->[com.stripe:link:20.1.0] AndroidManifest.xml:13:13-41
295        <activity
295-->[com.stripe:payments-core:20.1.0] AndroidManifest.xml:17:9-20:57
296            android:name="com.stripe.android.view.AddPaymentMethodActivity"
296-->[com.stripe:payments-core:20.1.0] AndroidManifest.xml:18:13-76
297            android:exported="false"